<?xml version="1.0" encoding="UTF-8" ?>
<testsuite tests="31" failures="1" name="TestSuite" time="42.184" errors="0" skipped="30">
  <properties>
[...]
</properties>
  <testcase classname="CreateSupportTest" name="before" time="21.085">
    <failure message="This driver is not configured for integrated authentication. ClientConnectionId:c8b15889-98cc-4f71-9bb2-6d27de008075" type="com.microsoft.sqlserver.jdbc.SQLServerException">com.microsoft.sqlserver.jdbc.SQLServerException: This driver is not configured for integrated authentication. ClientConnectionId:c8b15889-98cc-4f71-9bb2-6d27de008075
	at com.microsoft.sqlserver.jdbc.SQLServerConnection.terminate(SQLServerConnection.java:2392)
	at com.microsoft.sqlserver.jdbc.AuthenticationJNI.&lt;init&gt;(AuthenticationJNI.java:85)
	at com.microsoft.sqlserver.jdbc.SQLServerConnection.logon(SQLServerConnection.java:3160)
	at com.microsoft.sqlserver.jdbc.SQLServerConnection.access$100(SQLServerConnection.java:61)
	at com.microsoft.sqlserver.jdbc.SQLServerConnection$LogonCommand.doExecute(SQLServerConnection.java:3151)
	at com.microsoft.sqlserver.jdbc.TDSCommand.execute(IOBuffer.java:7535)
	at com.microsoft.sqlserver.jdbc.SQLServerConnection.executeCommand(SQLServerConnection.java:2438)
	at com.microsoft.sqlserver.jdbc.SQLServerConnection.connectHelper(SQLServerConnection.java:1973)
	at com.microsoft.sqlserver.jdbc.SQLServerConnection.login(SQLServerConnection.java:1616)
	at com.microsoft.sqlserver.jdbc.SQLServerConnection.connectInternal(SQLServerConnection.java:1447)
	at com.microsoft.sqlserver.jdbc.SQLServerConnection.connect(SQLServerConnection.java:788)
	at com.microsoft.sqlserver.jdbc.SQLServerDriver.connect(SQLServerDriver.java:1187)
	at java.sql.DriverManager.getConnection(DriverManager.java:664)
	at java.sql.DriverManager.getConnection(DriverManager.java:247)
	at common.SqlMethods.initDB(SqlMethods.java:100)
	at common.SqlMethods.updateDB(SqlMethods.java:106)
	at common.SqlMethods.BindingGeneralApprovalSetNo(SqlMethods.java:21)
	at OrderToOmsTest.before(OrderToOmsTest.java:38)
	at sun.reflect.NativeMethodAccessorImpl.invoke0(Native Method)
	at sun.reflect.NativeMethodAccessorImpl.invoke(NativeMethodAccessorImpl.java:62)
	at sun.reflect.DelegatingMethodAccessorImpl.invoke(DelegatingMethodAccessorImpl.java:43)
	at java.lang.reflect.Method.invoke(Method.java:498)
	at org.testng.internal.MethodInvocationHelper.invokeMethod(MethodInvocationHelper.java:104)
	at org.testng.internal.Invoker.invokeConfigurationMethod(Invoker.java:515)
	at org.testng.internal.Invoker.invokeConfigurations(Invoker.java:217)
	at org.testng.internal.Invoker.invokeConfigurations(Invoker.java:144)
	at org.testng.TestRunner.beforeRun(TestRunner.java:634)
	at org.testng.TestRunner.run(TestRunner.java:602)
	at org.testng.SuiteRunner.runTest(SuiteRunner.java:387)
	at org.testng.SuiteRunner.runSequentially(SuiteRunner.java:382)
	at org.testng.SuiteRunner.privateRun(SuiteRunner.java:340)
	at org.testng.SuiteRunner.run(SuiteRunner.java:289)
	at org.testng.SuiteRunnerWorker.runSuite(SuiteRunnerWorker.java:52)
	at org.testng.SuiteRunnerWorker.run(SuiteRunnerWorker.java:86)
	at org.testng.TestNG.runSuitesSequentially(TestNG.java:1293)
	at org.testng.TestNG.runSuitesLocally(TestNG.java:1218)
	at org.testng.TestNG.runSuites(TestNG.java:1133)
	at org.testng.TestNG.run(TestNG.java:1104)
	at org.apache.maven.surefire.testng.TestNGExecutor.run(TestNGExecutor.java:77)
	at org.apache.maven.surefire.testng.TestNGDirectoryTestSuite.executeMulti(TestNGDirectoryTestSuite.java:159)
	at org.apache.maven.surefire.testng.TestNGDirectoryTestSuite.execute(TestNGDirectoryTestSuite.java:99)
	at org.apache.maven.surefire.testng.TestNGProvider.invoke(TestNGProvider.java:106)
	at sun.reflect.NativeMethodAccessorImpl.invoke0(Native Method)
	at sun.reflect.NativeMethodAccessorImpl.invoke(NativeMethodAccessorImpl.java:62)
	at sun.reflect.DelegatingMethodAccessorImpl.invoke(DelegatingMethodAccessorImpl.java:43)
	at java.lang.reflect.Method.invoke(Method.java:498)
	at org.apache.maven.surefire.util.ReflectionUtils.invokeMethodWithArray(ReflectionUtils.java:189)
	at org.apache.maven.surefire.booter.ProviderFactory$ProviderProxy.invoke(ProviderFactory.java:165)
	at org.apache.maven.surefire.booter.ProviderFactory.invokeProvider(ProviderFactory.java:85)
	at org.apache.maven.surefire.booter.ForkedBooter.runSuitesInProcess(ForkedBooter.java:115)
	at org.apache.maven.surefire.booter.ForkedBooter.main(ForkedBooter.java:75)
Caused by: java.lang.UnsatisfiedLinkError: no sqljdbc_auth in java.library.path
	at java.lang.ClassLoader.loadLibrary(ClassLoader.java:1867)
	at java.lang.Runtime.loadLibrary0(Runtime.java:870)
	at java.lang.System.loadLibrary(System.java:1122)
	at com.microsoft.sqlserver.jdbc.AuthenticationJNI.&lt;clinit&gt;(AuthenticationJNI.java:58)
	... 49 more
Caused by: java.lang.UnsatisfiedLinkError: no sqljdbc_auth in java.library.path
	at java.lang.ClassLoader.loadLibrary(ClassLoader.java:1867)
	at java.lang.Runtime.loadLibrary0(Runtime.java:870)
	at java.lang.System.loadLibrary(System.java:1122)
	at com.microsoft.sqlserver.jdbc.AuthenticationJNI.&lt;clinit&gt;(AuthenticationJNI.java:58)
	... 49 more
</failure>
    <system-out>Configuring TestNG with: org.apache.maven.surefire.testng.conf.TestNG652Configurator@1c6b6478
</system-out>
    <system-err>Starting ChromeDriver 2.26.436362 (5476ec6bf7ccbada1734a0cdec7d570bb042aa30) on port 11974
Only local connections are allowed.
Starting ChromeDriver 2.26.436362 (5476ec6bf7ccbada1734a0cdec7d570bb042aa30) on port 37528
Only local connections are allowed.
gru 30, 2016 12:58:57 PM com.microsoft.sqlserver.jdbc.AuthenticationJNI &lt;clinit&gt;
WARNING: Failed to load the sqljdbc_auth.dll cause : no sqljdbc_auth in java.library.path
</system-err>
  </testcase>
  <testcase classname="CreateSupportTest" name="before" time="21.09">
    <skipped/>
  </testcase>
  <testcase classname="CreateSupportTest" name="shouldLogIntoToCqp" time="0">
    <skipped/>
  </testcase>
  <testcase classname="LoginTest" name="before" time="0.001">
    <skipped/>
  </testcase>
  <testcase classname="LoginTest" name="shouldLogInToCqp" time="0.001">
    <skipped/>
  </testcase>
  <testcase classname="LoginTest" name="after" time="0.001">
    <skipped/>
  </testcase>
  <testcase classname="OrderToOmsTest" name="shouldLogIntoToCqp" time="0">
    <skipped/>
  </testcase>
  <testcase classname="PositiveApprovalForNewQuotationTest" name="shouldLogIntoToCqp" time="0">
    <skipped/>
  </testcase>
  <testcase classname="CreateSupportTest" name="shouldCreateQuotation" time="0">
    <skipped/>
  </testcase>
  <testcase classname="LoginTest" name="before" time="0.001">
    <skipped/>
  </testcase>
  <testcase classname="LoginTest" name="shouldShowUnauthorizedMessageLogInWithEmptyFields" time="0">
    <skipped/>
  </testcase>
  <testcase classname="LoginTest" name="after" time="0">
    <skipped/>
  </testcase>
  <testcase classname="OrderToOmsTest" name="shouldCreateQuotation" time="0">
    <skipped/>
  </testcase>
  <testcase classname="PositiveApprovalForNewQuotationTest" name="shouldCreateQuotation" time="0">
    <skipped/>
  </testcase>
  <testcase classname="CreateSupportTest" name="shouldAddProducts" time="0">
    <skipped/>
  </testcase>
  <testcase classname="LoginTest" name="before" time="0">
    <skipped/>
  </testcase>
  <testcase classname="LoginTest" name="shouldShowUnauthorizedMessageLogInWithWrongPassword" time="0">
    <skipped/>
  </testcase>
  <testcase classname="LoginTest" name="after" time="0">
    <skipped/>
  </testcase>
  <testcase classname="OrderToOmsTest" name="shouldAddProducts" time="0">
    <skipped/>
  </testcase>
  <testcase classname="PositiveApprovalForNewQuotationTest" name="shouldAddProducts" time="0">
    <skipped/>
  </testcase>
  <testcase classname="CreateSupportTest" name="shouldStartSupportRequest" time="0">
    <skipped/>
  </testcase>
  <testcase classname="LoginTest" name="before" time="0.005">
    <skipped/>
  </testcase>
  <testcase classname="LoginTest" name="shouldShowUnauthorizedMessageLogInWithWrongUsername" time="0">
    <skipped/>
  </testcase>
  <testcase classname="LoginTest" name="after" time="0">
    <skipped/>
  </testcase>
  <testcase classname="OrderToOmsTest" name="shouldGenerateAndIssueDocument" time="0">
    <skipped/>
  </testcase>
  <testcase classname="PositiveApprovalForNewQuotationTest" name="shouldStartApproval" time="0">
    <skipped/>
  </testcase>
  <testcase classname="CreateSupportTest" name="shouldOpenRequest" time="0">
    <skipped/>
  </testcase>
  <testcase classname="CreateSupportTest" name="shouldReplyToRequest" time="0">
    <skipped/>
  </testcase>
  <testcase classname="CreateSupportTest" name="after" time="0">
    <skipped/>
  </testcase>
  <testcase classname="CreateSupportTest" name="after" time="0">
    <skipped/>
  </testcase>
  <testcase classname="CreateSupportTest" name="after" time="0">
    <skipped/>
  </testcase>
</testsuite>